{
  "RSpec": {
    "coverage": {
      "/Users/manu/Development/code/flatiron-homework/rspec-code-coverage-lab/jukebox.rb": [
        null,
        null,
        1,
        null,
        1,
        1,
        1,
        null,
        1,
        8,
        8,
        null,
        null,
        1,
        2,
        null,
        null,
        1,
        1,
        null,
        null,
        1,
        5,
        null,
        5,
        3,
        null,
        1,
        1,
        null,
        1,
        null,
        5,
        null,
        null,
        1,
        2,
        2,
        null,
        null,
        1,
        1,
        1,
        6,
        null,
        1,
        null,
        null,
        1,
        1,
        null,
        null,
        null
      ],
      "/Users/manu/Development/code/flatiron-homework/rspec-code-coverage-lab/song.rb": [
        1,
        1,
        null,
        1,
        4,
        null,
        null
      ]
    },
    "timestamp": 1381320984
  }
}
